2019-02-14 00:28:55,655 pkl DEBUG saving data to .papers_jpl.pkl
2019-02-14 00:28:55,839 pkl DEBUG saved data to .papers_jpl.pkl
2019-02-14 00:29:03,932 pkl DEBUG saving data to .refs_jpl.pkl
2019-02-14 00:29:05,089 pkl DEBUG saved data to .refs_jpl.pkl
2019-02-14 00:40:03,400 pkl DEBUG saving data to .papers_ppa.pkl
2019-02-14 00:40:03,402 pkl DEBUG saved data to .papers_ppa.pkl
2019-02-14 00:40:03,402 pkl DEBUG loading data from .papers_ppa.pkl
2019-02-14 00:40:03,403 pkl DEBUG loaded data from .papers_ppa.pkl
2019-02-14 00:40:03,640 pkl DEBUG saving data to .refs_ppa.pkl
2019-02-14 00:40:03,640 pkl DEBUG saved data to .refs_ppa.pkl
2019-02-14 00:43:15,062 pkl DEBUG saving data to .papers_utilitas.pkl
2019-02-14 00:43:15,068 pkl DEBUG saved data to .papers_utilitas.pkl
2019-02-14 00:43:15,068 pkl DEBUG loading data from .papers_utilitas.pkl
2019-02-14 00:43:15,078 pkl DEBUG loaded data from .papers_utilitas.pkl
2019-02-14 00:45:22,994 pkl DEBUG saving data to .refs_utilitas.pkl
2019-02-14 00:45:23,151 pkl DEBUG saved data to .refs_utilitas.pkl
2019-02-14 00:51:01,807 pkl DEBUG saving data to .papers_jvi.pkl
2019-02-14 00:51:01,835 pkl DEBUG saved data to .papers_jvi.pkl
2019-02-14 00:51:01,835 pkl DEBUG loading data from .papers_jvi.pkl
2019-02-14 00:51:01,883 pkl DEBUG loaded data from .papers_jvi.pkl
2019-02-14 01:00:55,556 pkl DEBUG saving data to .refs_jvi.pkl
2019-02-14 01:00:56,244 pkl DEBUG saved data to .refs_jvi.pkl
2019-02-14 10:17:11,892 pkl DEBUG loading data from .refs_phil_review.pkl
2019-02-14 10:17:12,513 pkl DEBUG loaded data from .refs_phil_review.pkl
2019-02-14 10:17:12,514 pkl DEBUG loading data from .refs_mind.pkl
2019-02-14 10:17:13,286 pkl DEBUG loaded data from .refs_mind.pkl
2019-02-14 10:17:13,287 pkl DEBUG loading data from .refs_nous.pkl
2019-02-14 10:17:14,561 pkl DEBUG loaded data from .refs_nous.pkl
2019-02-14 10:17:14,563 pkl DEBUG loading data from .refs_jphil.pkl
2019-02-14 10:17:15,481 pkl DEBUG loaded data from .refs_jphil.pkl
2019-02-14 10:17:15,482 pkl DEBUG loading data from .refs_ajp.pkl
2019-02-14 10:17:16,395 pkl DEBUG loaded data from .refs_ajp.pkl
2019-02-14 10:17:16,396 pkl DEBUG loading data from .refs_phil_stud.pkl
2019-02-14 10:17:21,423 pkl DEBUG loaded data from .refs_phil_stud.pkl
2019-02-14 10:24:58,843 pkl DEBUG loading data from .refs_jvi.pkl
2019-02-14 10:24:59,265 pkl DEBUG loaded data from .refs_jvi.pkl
2019-02-14 10:25:15,798 pkl DEBUG loading data from .refs_ppa.pkl
2019-02-14 10:25:15,800 pkl DEBUG loaded data from .refs_ppa.pkl
2019-02-14 10:28:33,583 pkl DEBUG saving data to .papers_ppa.pkl
2019-02-14 10:28:33,608 pkl DEBUG saved data to .papers_ppa.pkl
2019-02-14 10:28:33,609 pkl DEBUG loading data from .papers_ppa.pkl
2019-02-14 10:28:33,632 pkl DEBUG loaded data from .papers_ppa.pkl
2019-02-14 10:34:05,263 pkl DEBUG saving data to .refs_ppa.pkl
2019-02-14 10:34:05,940 pkl DEBUG saved data to .refs_ppa.pkl
2019-02-14 10:34:49,604 pkl DEBUG loading data from .refs_ethics.pkl
2019-02-14 10:34:50,509 pkl DEBUG loaded data from .refs_ethics.pkl
2019-02-14 10:34:50,510 pkl DEBUG loading data from .refs_utilitas.pkl
2019-02-14 10:34:50,726 pkl DEBUG loaded data from .refs_utilitas.pkl
2019-02-14 10:34:50,726 pkl DEBUG loading data from .refs_ppa.pkl
2019-02-14 10:34:51,369 pkl DEBUG loaded data from .refs_ppa.pkl
2019-02-14 10:34:51,370 pkl DEBUG loading data from .refs_jvi.pkl
2019-02-14 10:34:51,845 pkl DEBUG loaded data from .refs_jvi.pkl
2019-02-14 11:38:04,802 pkl DEBUG loading data from .refs_phronesis.pkl
2019-02-14 11:38:05,329 pkl DEBUG loaded data from .refs_phronesis.pkl
2019-02-14 11:38:05,335 pkl DEBUG saving data to .refs_phronesis.pkl
2019-02-14 11:38:05,893 pkl DEBUG saved data to .refs_phronesis.pkl
2019-02-14 11:38:05,893 pkl DEBUG loading data from .refs_nous.pkl
2019-02-14 11:38:07,083 pkl DEBUG loaded data from .refs_nous.pkl
2019-02-14 11:38:07,100 pkl DEBUG saving data to .refs_nous.pkl
2019-02-14 11:38:08,446 pkl DEBUG saved data to .refs_nous.pkl
2019-02-14 11:38:08,446 pkl DEBUG loading data from .refs_ppr.pkl
2019-02-14 11:38:09,822 pkl DEBUG loaded data from .refs_ppr.pkl
2019-02-14 11:38:09,848 pkl DEBUG saving data to .refs_ppr.pkl
2019-02-14 11:38:11,416 pkl DEBUG saved data to .refs_ppr.pkl
2019-02-14 11:38:11,417 pkl DEBUG loading data from .refs_ajp.pkl
2019-02-14 11:38:12,363 pkl DEBUG loaded data from .refs_ajp.pkl
2019-02-14 11:38:12,390 pkl DEBUG saving data to .refs_ajp.pkl
2019-02-14 11:38:13,210 pkl DEBUG saved data to .refs_ajp.pkl
2019-02-14 11:38:13,210 pkl DEBUG loading data from .refs_mind.pkl
2019-02-14 11:38:13,976 pkl DEBUG loaded data from .refs_mind.pkl
2019-02-14 11:38:13,991 pkl DEBUG saving data to .refs_mind.pkl
2019-02-14 11:38:14,855 pkl DEBUG saved data to .refs_mind.pkl
2019-02-14 11:38:14,855 pkl DEBUG loading data from .refs_phil_review.pkl
2019-02-14 11:38:15,396 pkl DEBUG loaded data from .refs_phil_review.pkl
2019-02-14 11:38:15,411 pkl DEBUG saving data to .refs_phil_review.pkl
2019-02-14 11:38:15,966 pkl DEBUG saved data to .refs_phil_review.pkl
2019-02-14 11:38:15,966 pkl DEBUG loading data from .refs_jphil.pkl
2019-02-14 11:38:16,864 pkl DEBUG loaded data from .refs_jphil.pkl
2019-02-14 11:38:16,877 pkl DEBUG saving data to .refs_jphil.pkl
2019-02-14 11:38:17,785 pkl DEBUG saved data to .refs_jphil.pkl
2019-02-14 11:38:17,785 pkl DEBUG loading data from .refs_ppa.pkl
2019-02-14 11:38:18,173 pkl DEBUG loaded data from .refs_ppa.pkl
2019-02-14 11:38:18,186 pkl DEBUG saving data to .refs_ppa.pkl
2019-02-14 11:38:18,555 pkl DEBUG saved data to .refs_ppa.pkl
2019-02-14 11:38:18,556 pkl DEBUG loading data from .refs_ethics.pkl
2019-02-14 11:38:19,513 pkl DEBUG loaded data from .refs_ethics.pkl
2019-02-14 11:38:19,529 pkl DEBUG saving data to .refs_ethics.pkl
2019-02-14 11:38:20,589 pkl DEBUG saved data to .refs_ethics.pkl
2019-02-14 11:38:20,589 pkl DEBUG loading data from .refs_phil_stud.pkl
2019-02-14 11:38:23,337 pkl DEBUG loaded data from .refs_phil_stud.pkl
2019-02-14 11:38:23,371 pkl DEBUG saving data to .refs_phil_stud.pkl
2019-02-14 11:38:26,007 pkl DEBUG saved data to .refs_phil_stud.pkl
2019-02-14 11:38:26,007 pkl DEBUG loading data from .refs_jvi.pkl
2019-02-14 11:38:26,559 pkl DEBUG loaded data from .refs_jvi.pkl
2019-02-14 11:38:26,586 pkl DEBUG saving data to .refs_jvi.pkl
2019-02-14 11:38:27,096 pkl DEBUG saved data to .refs_jvi.pkl
2019-02-14 11:38:27,096 pkl DEBUG loading data from .refs_jpl.pkl
2019-02-14 11:38:27,793 pkl DEBUG loaded data from .refs_jpl.pkl
2019-02-14 11:38:27,805 pkl DEBUG saving data to .refs_jpl.pkl
2019-02-14 11:38:28,521 pkl DEBUG saved data to .refs_jpl.pkl
2019-02-14 11:38:28,521 pkl DEBUG loading data from .refs_utilitas.pkl
2019-02-14 11:38:28,760 pkl DEBUG loaded data from .refs_utilitas.pkl
2019-02-14 11:38:28,769 pkl DEBUG saving data to .refs_utilitas.pkl
2019-02-14 11:38:28,922 pkl DEBUG saved data to .refs_utilitas.pkl
2019-02-14 11:39:14,221 pkl DEBUG loading data from .refs_ethics.pkl
2019-02-14 11:39:15,192 pkl DEBUG loaded data from .refs_ethics.pkl
2019-02-14 11:39:15,193 pkl DEBUG loading data from .refs_utilitas.pkl
2019-02-14 11:39:15,336 pkl DEBUG loaded data from .refs_utilitas.pkl
2019-02-14 11:39:15,336 pkl DEBUG loading data from .refs_ppa.pkl
2019-02-14 11:39:15,777 pkl DEBUG loaded data from .refs_ppa.pkl
2019-02-14 11:39:15,778 pkl DEBUG loading data from .refs_jvi.pkl
2019-02-14 11:39:16,276 pkl DEBUG loaded data from .refs_jvi.pkl
2019-02-14 12:36:14,433 pkl DEBUG loading data from .refs_phil_review.pkl
2019-02-14 12:36:15,017 pkl DEBUG loaded data from .refs_phil_review.pkl
2019-02-14 12:36:15,018 pkl DEBUG loading data from .refs_mind.pkl
2019-02-14 12:36:15,817 pkl DEBUG loaded data from .refs_mind.pkl
2019-02-14 12:36:15,818 pkl DEBUG loading data from .refs_nous.pkl
2019-02-14 12:36:17,293 pkl DEBUG loaded data from .refs_nous.pkl
2019-02-14 12:36:17,296 pkl DEBUG loading data from .refs_jphil.pkl
2019-02-14 12:36:18,323 pkl DEBUG loaded data from .refs_jphil.pkl
2019-02-14 12:36:18,325 pkl DEBUG loading data from .refs_ajp.pkl
2019-02-14 12:36:19,247 pkl DEBUG loaded data from .refs_ajp.pkl
2019-02-14 12:36:19,248 pkl DEBUG loading data from .refs_phil_stud.pkl
2019-02-14 12:36:22,126 pkl DEBUG loaded data from .refs_phil_stud.pkl
2019-02-14 12:36:22,131 pkl DEBUG loading data from .refs_ppr.pkl
2019-02-14 12:36:23,402 pkl DEBUG loaded data from .refs_ppr.pkl
2019-02-14 13:58:00,412 pkl DEBUG loading data from .refs_phil_review.pkl
2019-02-14 13:58:00,994 pkl DEBUG loaded data from .refs_phil_review.pkl
2019-02-14 13:58:00,995 pkl DEBUG loading data from .refs_mind.pkl
2019-02-14 13:58:01,762 pkl DEBUG loaded data from .refs_mind.pkl
2019-02-14 13:58:01,764 pkl DEBUG loading data from .refs_nous.pkl
2019-02-14 13:58:03,039 pkl DEBUG loaded data from .refs_nous.pkl
2019-02-14 13:58:03,041 pkl DEBUG loading data from .refs_jphil.pkl
2019-02-14 13:58:03,985 pkl DEBUG loaded data from .refs_jphil.pkl
2019-02-14 13:58:03,987 pkl DEBUG loading data from .refs_ajp.pkl
2019-02-14 13:58:04,888 pkl DEBUG loaded data from .refs_ajp.pkl
2019-02-14 13:58:04,889 pkl DEBUG loading data from .refs_phil_stud.pkl
2019-02-14 13:58:07,630 pkl DEBUG loaded data from .refs_phil_stud.pkl
2019-02-14 13:58:07,633 pkl DEBUG loading data from .refs_ppr.pkl
2019-02-14 13:58:09,228 pkl DEBUG loaded data from .refs_ppr.pkl
2019-02-14 16:31:52,267 pkl DEBUG loading data from .refs_phronesis.pkl
2019-02-14 16:31:52,952 pkl DEBUG loaded data from .refs_phronesis.pkl
2019-02-14 16:31:52,958 pkl DEBUG saving data to .refs_phronesis.pkl
2019-02-14 16:31:53,486 pkl DEBUG saved data to .refs_phronesis.pkl
2019-02-14 16:31:53,487 pkl DEBUG loading data from .refs_nous.pkl
2019-02-14 16:31:54,716 pkl DEBUG loaded data from .refs_nous.pkl
2019-02-14 16:31:54,750 pkl DEBUG saving data to .refs_nous.pkl
2019-02-14 16:31:56,074 pkl DEBUG saved data to .refs_nous.pkl
2019-02-14 16:31:56,075 pkl DEBUG loading data from .refs_ppr.pkl
2019-02-14 16:31:57,617 pkl DEBUG loaded data from .refs_ppr.pkl
2019-02-14 16:31:57,645 pkl DEBUG saving data to .refs_ppr.pkl
2019-02-14 16:31:59,228 pkl DEBUG saved data to .refs_ppr.pkl
2019-02-14 16:31:59,228 pkl DEBUG loading data from .refs_ajp.pkl
2019-02-14 16:32:00,066 pkl DEBUG loaded data from .refs_ajp.pkl
2019-02-14 16:32:00,088 pkl DEBUG saving data to .refs_ajp.pkl
2019-02-14 16:32:00,942 pkl DEBUG saved data to .refs_ajp.pkl
2019-02-14 16:32:00,942 pkl DEBUG loading data from .refs_mind.pkl
2019-02-14 16:32:01,789 pkl DEBUG loaded data from .refs_mind.pkl
2019-02-14 16:32:01,806 pkl DEBUG saving data to .refs_mind.pkl
2019-02-14 16:32:02,588 pkl DEBUG saved data to .refs_mind.pkl
2019-02-14 16:32:02,588 pkl DEBUG loading data from .refs_phil_review.pkl
2019-02-14 16:32:03,189 pkl DEBUG loaded data from .refs_phil_review.pkl
2019-02-14 16:32:03,203 pkl DEBUG saving data to .refs_phil_review.pkl
2019-02-14 16:32:03,829 pkl DEBUG saved data to .refs_phil_review.pkl
2019-02-14 16:32:03,830 pkl DEBUG loading data from .refs_jphil.pkl
2019-02-14 16:32:04,651 pkl DEBUG loaded data from .refs_jphil.pkl
2019-02-14 16:32:04,667 pkl DEBUG saving data to .refs_jphil.pkl
2019-02-14 16:32:05,691 pkl DEBUG saved data to .refs_jphil.pkl
2019-02-14 16:32:05,691 pkl DEBUG loading data from .refs_ppa.pkl
2019-02-14 16:32:06,097 pkl DEBUG loaded data from .refs_ppa.pkl
2019-02-14 16:32:06,110 pkl DEBUG saving data to .refs_ppa.pkl
2019-02-14 16:32:06,556 pkl DEBUG saved data to .refs_ppa.pkl
2019-02-14 16:32:06,556 pkl DEBUG loading data from .refs_ethics.pkl
2019-02-14 16:32:07,488 pkl DEBUG loaded data from .refs_ethics.pkl
2019-02-14 16:32:07,503 pkl DEBUG saving data to .refs_ethics.pkl
2019-02-14 16:32:08,624 pkl DEBUG saved data to .refs_ethics.pkl
2019-02-14 16:32:08,625 pkl DEBUG loading data from .refs_phil_stud.pkl
2019-02-14 16:32:11,332 pkl DEBUG loaded data from .refs_phil_stud.pkl
2019-02-14 16:32:11,368 pkl DEBUG saving data to .refs_phil_stud.pkl
2019-02-14 16:32:14,235 pkl DEBUG saved data to .refs_phil_stud.pkl
2019-02-14 16:32:14,236 pkl DEBUG loading data from .refs_jvi.pkl
2019-02-14 16:32:14,667 pkl DEBUG loaded data from .refs_jvi.pkl
2019-02-14 16:32:14,694 pkl DEBUG saving data to .refs_jvi.pkl
2019-02-14 16:32:15,197 pkl DEBUG saved data to .refs_jvi.pkl
2019-02-14 16:32:15,198 pkl DEBUG loading data from .refs_jpl.pkl
2019-02-14 16:32:15,916 pkl DEBUG loaded data from .refs_jpl.pkl
2019-02-14 16:32:15,930 pkl DEBUG saving data to .refs_jpl.pkl
2019-02-14 16:32:16,627 pkl DEBUG saved data to .refs_jpl.pkl
2019-02-14 16:32:16,627 pkl DEBUG loading data from .refs_utilitas.pkl
2019-02-14 16:32:16,858 pkl DEBUG loaded data from .refs_utilitas.pkl
2019-02-14 16:32:16,868 pkl DEBUG saving data to .refs_utilitas.pkl
2019-02-14 16:32:17,009 pkl DEBUG saved data to .refs_utilitas.pkl
2019-02-14 16:32:28,842 pkl DEBUG loading data from .refs_phil_review.pkl
2019-02-14 16:32:29,334 pkl DEBUG loaded data from .refs_phil_review.pkl
2019-02-14 16:32:29,335 pkl DEBUG loading data from .refs_mind.pkl
2019-02-14 16:32:30,185 pkl DEBUG loaded data from .refs_mind.pkl
2019-02-14 16:32:30,186 pkl DEBUG loading data from .refs_nous.pkl
2019-02-14 16:32:31,587 pkl DEBUG loaded data from .refs_nous.pkl
2019-02-14 16:32:31,589 pkl DEBUG loading data from .refs_jphil.pkl
2019-02-14 16:32:32,547 pkl DEBUG loaded data from .refs_jphil.pkl
2019-02-14 16:32:32,548 pkl DEBUG loading data from .refs_ajp.pkl
2019-02-14 16:32:33,439 pkl DEBUG loaded data from .refs_ajp.pkl
2019-02-14 16:32:33,440 pkl DEBUG loading data from .refs_phil_stud.pkl
2019-02-14 16:32:35,910 pkl DEBUG loaded data from .refs_phil_stud.pkl
2019-02-14 16:32:35,913 pkl DEBUG loading data from .refs_ppr.pkl
2019-02-14 16:32:37,575 pkl DEBUG loaded data from .refs_ppr.pkl
2019-02-14 17:02:11,722 pkl DEBUG loading data from .refs_phronesis.pkl
2019-02-14 17:02:12,299 pkl DEBUG loaded data from .refs_phronesis.pkl
2019-02-14 17:02:12,305 pkl DEBUG saving data to .refs_phronesis.pkl
2019-02-14 17:02:12,885 pkl DEBUG saved data to .refs_phronesis.pkl
2019-02-14 17:02:12,885 pkl DEBUG loading data from .refs_nous.pkl
2019-02-14 17:02:14,161 pkl DEBUG loaded data from .refs_nous.pkl
2019-02-14 17:02:14,180 pkl DEBUG saving data to .refs_nous.pkl
2019-02-14 17:02:15,612 pkl DEBUG saved data to .refs_nous.pkl
2019-02-14 17:02:15,612 pkl DEBUG loading data from .refs_ppr.pkl
2019-02-14 17:02:17,281 pkl DEBUG loaded data from .refs_ppr.pkl
2019-02-14 17:02:17,309 pkl DEBUG saving data to .refs_ppr.pkl
2019-02-14 17:02:18,949 pkl DEBUG saved data to .refs_ppr.pkl
2019-02-14 17:02:18,949 pkl DEBUG loading data from .refs_ajp.pkl
2019-02-14 17:02:19,775 pkl DEBUG loaded data from .refs_ajp.pkl
2019-02-14 17:02:19,827 pkl DEBUG saving data to .refs_ajp.pkl
2019-02-14 17:02:20,728 pkl DEBUG saved data to .refs_ajp.pkl
2019-02-14 17:02:20,728 pkl DEBUG loading data from .refs_mind.pkl
2019-02-14 17:02:21,606 pkl DEBUG loaded data from .refs_mind.pkl
2019-02-14 17:02:21,623 pkl DEBUG saving data to .refs_mind.pkl
2019-02-14 17:02:22,469 pkl DEBUG saved data to .refs_mind.pkl
2019-02-14 17:02:22,475 pkl DEBUG loading data from .refs_phil_review.pkl
2019-02-14 17:02:23,061 pkl DEBUG loaded data from .refs_phil_review.pkl
2019-02-14 17:02:23,076 pkl DEBUG saving data to .refs_phil_review.pkl
2019-02-14 17:02:23,678 pkl DEBUG saved data to .refs_phil_review.pkl
2019-02-14 17:02:23,678 pkl DEBUG loading data from .refs_jphil.pkl
2019-02-14 17:02:24,552 pkl DEBUG loaded data from .refs_jphil.pkl
2019-02-14 17:02:24,569 pkl DEBUG saving data to .refs_jphil.pkl
2019-02-14 17:02:25,637 pkl DEBUG saved data to .refs_jphil.pkl
2019-02-14 17:02:25,637 pkl DEBUG loading data from .refs_ppa.pkl
2019-02-14 17:02:26,069 pkl DEBUG loaded data from .refs_ppa.pkl
2019-02-14 17:02:26,084 pkl DEBUG saving data to .refs_ppa.pkl
2019-02-14 17:02:26,529 pkl DEBUG saved data to .refs_ppa.pkl
2019-02-14 17:02:26,530 pkl DEBUG loading data from .refs_ethics.pkl
2019-02-14 17:02:27,524 pkl DEBUG loaded data from .refs_ethics.pkl
2019-02-14 17:02:27,539 pkl DEBUG saving data to .refs_ethics.pkl
2019-02-14 17:02:28,706 pkl DEBUG saved data to .refs_ethics.pkl
2019-02-14 17:02:28,706 pkl DEBUG loading data from .refs_phil_stud.pkl
2019-02-14 17:02:31,608 pkl DEBUG loaded data from .refs_phil_stud.pkl
2019-02-14 17:02:31,648 pkl DEBUG saving data to .refs_phil_stud.pkl
2019-02-14 17:02:34,462 pkl DEBUG saved data to .refs_phil_stud.pkl
2019-02-14 17:02:34,462 pkl DEBUG loading data from .refs_jvi.pkl
2019-02-14 17:02:35,088 pkl DEBUG loaded data from .refs_jvi.pkl
2019-02-14 17:02:35,117 pkl DEBUG saving data to .refs_jvi.pkl
2019-02-14 17:02:35,599 pkl DEBUG saved data to .refs_jvi.pkl
2019-02-14 17:02:35,599 pkl DEBUG loading data from .refs_jpl.pkl
2019-02-14 17:02:36,374 pkl DEBUG loaded data from .refs_jpl.pkl
2019-02-14 17:02:36,388 pkl DEBUG saving data to .refs_jpl.pkl
2019-02-14 17:02:37,174 pkl DEBUG saved data to .refs_jpl.pkl
2019-02-14 17:02:37,174 pkl DEBUG loading data from .refs_utilitas.pkl
2019-02-14 17:02:37,331 pkl DEBUG loaded data from .refs_utilitas.pkl
2019-02-14 17:02:37,341 pkl DEBUG saving data to .refs_utilitas.pkl
2019-02-14 17:02:37,528 pkl DEBUG saved data to .refs_utilitas.pkl
2019-02-14 17:03:15,842 pkl DEBUG loading data from .refs_phil_review.pkl
2019-02-14 17:03:16,385 pkl DEBUG loaded data from .refs_phil_review.pkl
2019-02-14 17:03:16,386 pkl DEBUG loading data from .refs_mind.pkl
2019-02-14 17:03:17,167 pkl DEBUG loaded data from .refs_mind.pkl
2019-02-14 17:03:17,167 pkl DEBUG loading data from .refs_nous.pkl
2019-02-14 17:03:18,457 pkl DEBUG loaded data from .refs_nous.pkl
2019-02-14 17:03:18,458 pkl DEBUG loading data from .refs_jphil.pkl
2019-02-14 17:03:19,373 pkl DEBUG loaded data from .refs_jphil.pkl
2019-02-14 17:03:19,375 pkl DEBUG loading data from .refs_ajp.pkl
2019-02-14 17:03:20,270 pkl DEBUG loaded data from .refs_ajp.pkl
2019-02-14 17:03:20,271 pkl DEBUG loading data from .refs_phil_stud.pkl
2019-02-14 17:03:23,034 pkl DEBUG loaded data from .refs_phil_stud.pkl
2019-02-14 17:03:23,039 pkl DEBUG loading data from .refs_ppr.pkl
2019-02-14 17:03:24,630 pkl DEBUG loaded data from .refs_ppr.pkl
2019-02-14 17:05:14,398 pkl DEBUG loading data from .papers_phil_review.pkl
2019-02-14 17:05:14,487 pkl DEBUG loaded data from .papers_phil_review.pkl
2019-02-14 17:05:14,488 pkl DEBUG loading data from .papers_mind.pkl
2019-02-14 17:05:14,603 pkl DEBUG loaded data from .papers_mind.pkl
2019-02-14 17:05:14,603 pkl DEBUG loading data from .papers_nous.pkl
2019-02-14 17:05:14,653 pkl DEBUG loaded data from .papers_nous.pkl
2019-02-14 17:05:14,653 pkl DEBUG loading data from .papers_jphil.pkl
2019-02-14 17:05:14,744 pkl DEBUG loaded data from .papers_jphil.pkl
2019-02-14 17:05:14,744 pkl DEBUG loading data from .papers_ajp.pkl
2019-02-14 17:05:14,853 pkl DEBUG loaded data from .papers_ajp.pkl
2019-02-14 17:05:14,854 pkl DEBUG loading data from .papers_phil_stud.pkl
2019-02-14 17:05:14,956 pkl DEBUG loaded data from .papers_phil_stud.pkl
2019-02-14 17:05:14,956 pkl DEBUG loading data from .papers_ppr.pkl
2019-02-14 17:05:15,088 pkl DEBUG loaded data from .papers_ppr.pkl
2019-02-14 17:29:22,577 pkl DEBUG loading data from .refs_phronesis.pkl
2019-02-14 17:29:23,247 pkl DEBUG loaded data from .refs_phronesis.pkl
2019-02-14 17:29:23,268 pkl DEBUG saving data to .refs_phronesis.pkl
2019-02-14 17:29:23,275 pkl DEBUG saved data to .refs_phronesis.pkl
2019-02-14 17:29:23,276 pkl DEBUG loading data from .refs_nous.pkl
2019-02-14 17:29:24,459 pkl DEBUG loaded data from .refs_nous.pkl
2019-02-14 17:29:24,508 pkl DEBUG saving data to .refs_nous.pkl
2019-02-14 17:29:24,516 pkl DEBUG saved data to .refs_nous.pkl
2019-02-14 17:29:24,516 pkl DEBUG loading data from .refs_ppr.pkl
2019-02-14 17:29:25,904 pkl DEBUG loaded data from .refs_ppr.pkl
2019-02-14 17:29:25,959 pkl DEBUG saving data to .refs_ppr.pkl
2019-02-14 17:29:25,976 pkl DEBUG saved data to .refs_ppr.pkl
2019-02-14 17:29:25,976 pkl DEBUG loading data from .refs_ajp.pkl
2019-02-14 17:29:26,713 pkl DEBUG loaded data from .refs_ajp.pkl
2019-02-14 17:29:26,740 pkl DEBUG saving data to .refs_ajp.pkl
2019-02-14 17:29:26,751 pkl DEBUG saved data to .refs_ajp.pkl
2019-02-14 17:29:26,751 pkl DEBUG loading data from .refs_mind.pkl
2019-02-14 17:29:27,482 pkl DEBUG loaded data from .refs_mind.pkl
2019-02-14 17:29:27,509 pkl DEBUG saving data to .refs_mind.pkl
2019-02-14 17:29:27,519 pkl DEBUG saved data to .refs_mind.pkl
2019-02-14 17:29:27,519 pkl DEBUG loading data from .refs_phil_review.pkl
2019-02-14 17:29:28,046 pkl DEBUG loaded data from .refs_phil_review.pkl
2019-02-14 17:29:28,067 pkl DEBUG saving data to .refs_phil_review.pkl
2019-02-14 17:29:28,076 pkl DEBUG saved data to .refs_phil_review.pkl
2019-02-14 17:29:28,076 pkl DEBUG loading data from .refs_jphil.pkl
2019-02-14 17:29:28,953 pkl DEBUG loaded data from .refs_jphil.pkl
2019-02-14 17:29:28,987 pkl DEBUG saving data to .refs_jphil.pkl
2019-02-14 17:29:28,997 pkl DEBUG saved data to .refs_jphil.pkl
2019-02-14 17:29:28,997 pkl DEBUG loading data from .refs_ppa.pkl
2019-02-14 17:29:29,374 pkl DEBUG loaded data from .refs_ppa.pkl
2019-02-14 17:29:29,389 pkl DEBUG saving data to .refs_ppa.pkl
2019-02-14 17:29:29,395 pkl DEBUG saved data to .refs_ppa.pkl
2019-02-14 17:29:29,395 pkl DEBUG loading data from .refs_ethics.pkl
2019-02-14 17:29:30,375 pkl DEBUG loaded data from .refs_ethics.pkl
2019-02-14 17:29:30,412 pkl DEBUG saving data to .refs_ethics.pkl
2019-02-14 17:29:30,424 pkl DEBUG saved data to .refs_ethics.pkl
2019-02-14 17:29:30,425 pkl DEBUG loading data from .refs_phil_stud.pkl
2019-02-14 17:29:32,949 pkl DEBUG loaded data from .refs_phil_stud.pkl
2019-02-14 17:29:33,049 pkl DEBUG saving data to .refs_phil_stud.pkl
2019-02-14 17:29:33,071 pkl DEBUG saved data to .refs_phil_stud.pkl
2019-02-14 17:29:33,071 pkl DEBUG loading data from .refs_jvi.pkl
2019-02-14 17:29:33,522 pkl DEBUG loaded data from .refs_jvi.pkl
2019-02-14 17:29:33,540 pkl DEBUG saving data to .refs_jvi.pkl
2019-02-14 17:29:33,548 pkl DEBUG saved data to .refs_jvi.pkl
2019-02-14 17:29:33,548 pkl DEBUG loading data from .refs_jpl.pkl
2019-02-14 17:29:34,335 pkl DEBUG loaded data from .refs_jpl.pkl
2019-02-14 17:29:34,360 pkl DEBUG saving data to .refs_jpl.pkl
2019-02-14 17:29:34,371 pkl DEBUG saved data to .refs_jpl.pkl
2019-02-14 17:29:34,371 pkl DEBUG loading data from .refs_utilitas.pkl
2019-02-14 17:29:34,526 pkl DEBUG loaded data from .refs_utilitas.pkl
2019-02-14 17:29:34,532 pkl DEBUG saving data to .refs_utilitas.pkl
2019-02-14 17:29:34,534 pkl DEBUG saved data to .refs_utilitas.pkl
2019-02-14 17:30:07,005 pkl DEBUG loading data from .refs_phronesis.pkl
2019-02-14 17:30:07,005 pkl DEBUG loaded data from .refs_phronesis.pkl
2019-02-14 17:32:06,920 pkl DEBUG loading data from .papers_phil_review.pkl
2019-02-14 17:32:07,013 pkl DEBUG loaded data from .papers_phil_review.pkl
2019-02-14 17:32:14,276 pkl DEBUG loading data from .papers_phil_review.pkl
2019-02-14 17:32:14,364 pkl DEBUG loaded data from .papers_phil_review.pkl
2019-02-14 17:40:27,730 pkl DEBUG saving data to .refs_phil_review.pkl
2019-02-14 17:40:28,350 pkl DEBUG saved data to .refs_phil_review.pkl
2019-02-14 17:40:28,597 pkl DEBUG loading data from .papers_mind.pkl
2019-02-14 17:40:28,709 pkl DEBUG loaded data from .papers_mind.pkl
2019-02-14 17:55:53,884 pkl DEBUG saving data to .refs_mind.pkl
2019-02-14 17:55:54,788 pkl DEBUG saved data to .refs_mind.pkl
2019-02-14 17:55:54,966 pkl DEBUG loading data from .papers_nous.pkl
2019-02-14 17:55:55,016 pkl DEBUG loaded data from .papers_nous.pkl
2019-02-14 18:21:17,476 pkl DEBUG loading data from .papers_nous.pkl
2019-02-14 18:21:17,573 pkl DEBUG loaded data from .papers_nous.pkl
2019-02-14 18:38:34,341 pkl DEBUG saving data to .refs_nous.pkl
2019-02-14 18:38:35,721 pkl DEBUG saved data to .refs_nous.pkl
2019-02-14 18:38:35,907 pkl DEBUG loading data from .papers_jphil.pkl
2019-02-14 18:38:36,004 pkl DEBUG loaded data from .papers_jphil.pkl
